# JRE version: OpenJDK Runtime Environment (8.0_242-b01) (build 1.8.0_242-release-1644-b01)
# Java VM: OpenJDK 64-Bit Server VM (25.242-b01 mixed mode windows-amd64 compressed oops)
Heap:
 PSYoungGen      total 169472K, used 103518K [0x00000000eab00000, 0x00000000f7700000, 0x0000000100000000)
  eden space 153088K, 56% used [0x00000000eab00000,0x00000000f001bc80,0x00000000f4080000)
  from space 16384K, 99% used [0x00000000f4080000,0x00000000f507bee8,0x00000000f5080000)
  to   space 14336K, 0% used [0x00000000f5080000,0x00000000f5080000,0x00000000f5e80000)
 ParOldGen       total 168960K, used 25366K [0x00000000c0000000, 0x00000000ca500000, 0x00000000eab00000)
  object space 168960K, 15% used [0x00000000c0000000,0x00000000c18c5ac8,0x00000000ca500000)
 Metaspace       used 53506K, capacity 55840K, committed 56152K, reserved 1097728K
  class space    used 7333K, capacity 7944K, committed 8064K, reserved 1048576K
GC Heap History (10 events):
Event: 3.340 GC heap before
{Heap before GC invocations=5 (full 1):
 PSYoungGen      total 75776K, used 65024K [0x00000000eab00000, 0x00000000f3f00000, 0x0000000100000000)
  eden space 65024K, 100% used [0x00000000eab00000,0x00000000eea80000,0x00000000eea80000)
  from space 10752K, 0% used [0x00000000eea80000,0x00000000eea80000,0x00000000ef500000)
  to   space 10752K, 0% used [0x00000000f3480000,0x00000000f3480000,0x00000000f3f00000)
 ParOldGen       total 100352K, used 7107K [0x00000000c0000000, 0x00000000c6200000, 0x00000000eab00000)
  object space 100352K, 7% used [0x00000000c0000000,0x00000000c06f0e68,0x00000000c6200000)
 Metaspace       used 26100K, capacity 26512K, committed 26880K, reserved 1073152K
  class space    used 3572K, capacity 3723K, committed 3840K, reserved 1048576K
Event: 3.348 GC heap after
Heap after GC invocations=5 (full 1):
 PSYoungGen      total 108544K, used 6811K [0x00000000eab00000, 0x00000000f3b80000, 0x0000000100000000)
  eden space 101376K, 0% used [0x00000000eab00000,0x00000000eab00000,0x00000000f0e00000)
  from space 7168K, 95% used [0x00000000f3480000,0x00000000f3b26dd0,0x00000000f3b80000)
  to   space 10752K, 0% used [0x00000000f2680000,0x00000000f2680000,0x00000000f3100000)
 ParOldGen       total 100352K, used 7107K [0x00000000c0000000, 0x00000000c6200000, 0x00000000eab00000)
  object space 100352K, 7% used [0x00000000c0000000,0x00000000c06f0e68,0x00000000c6200000)
 Metaspace       used 26100K, capacity 26512K, committed 26880K, reserved 1073152K
  class space    used 3572K, capacity 3723K, committed 3840K, reserved 1048576K
}
Event: 4.584 GC heap before
{Heap before GC invocations=6 (full 1):
 PSYoungGen      total 108544K, used 94318K [0x00000000eab00000, 0x00000000f3b80000, 0x0000000100000000)
  eden space 101376K, 86% used [0x00000000eab00000,0x00000000f0074cc0,0x00000000f0e00000)
  from space 7168K, 95% used [0x00000000f3480000,0x00000000f3b26dd0,0x00000000f3b80000)
  to   space 10752K, 0% used [0x00000000f2680000,0x00000000f2680000,0x00000000f3100000)
 ParOldGen       total 100352K, used 7107K [0x00000000c0000000, 0x00000000c6200000, 0x00000000eab00000)
  object space 100352K, 7% used [0x00000000c0000000,0x00000000c06f0e68,0x00000000c6200000)
 Metaspace       used 34692K, capacity 35324K, committed 35416K, reserved 1079296K
  class space    used 4731K, capacity 4984K, committed 4992K, reserved 1048576K
Event: 4.595 GC heap after
Heap after GC invocations=6 (full 1):
 PSYoungGen      total 137216K, used 10750K [0x00000000eab00000, 0x00000000f5e80000, 0x0000000100000000)
  eden space 126464K, 0% used [0x00000000eab00000,0x00000000eab00000,0x00000000f2680000)
  from space 10752K, 99% used [0x00000000f2680000,0x00000000f30ffbc0,0x00000000f3100000)
  to   space 14336K, 0% used [0x00000000f5080000,0x00000000f5080000,0x00000000f5e80000)
 ParOldGen       total 100352K, used 8926K [0x00000000c0000000, 0x00000000c6200000, 0x00000000eab00000)
  object space 100352K, 8% used [0x00000000c0000000,0x00000000c08b7b60,0x00000000c6200000)
 Metaspace       used 34692K, capacity 35324K, committed 35416K, reserved 1079296K
  class space    used 4731K, capacity 4984K, committed 4992K, reserved 1048576K
}
Event: 4.595 GC heap before
{Heap before GC invocations=7 (full 2):
 PSYoungGen      total 137216K, used 10750K [0x00000000eab00000, 0x00000000f5e80000, 0x0000000100000000)
  eden space 126464K, 0% used [0x00000000eab00000,0x00000000eab00000,0x00000000f2680000)
  from space 10752K, 99% used [0x00000000f2680000,0x00000000f30ffbc0,0x00000000f3100000)
  to   space 14336K, 0% used [0x00000000f5080000,0x00000000f5080000,0x00000000f5e80000)
 ParOldGen       total 100352K, used 8926K [0x00000000c0000000, 0x00000000c6200000, 0x00000000eab00000)
  object space 100352K, 8% used [0x00000000c0000000,0x00000000c08b7b60,0x00000000c6200000)
 Metaspace       used 34692K, capacity 35324K, committed 35416K, reserved 1079296K
  class space    used 4731K, capacity 4984K, committed 4992K, reserved 1048576K
Event: 4.658 GC heap after
Heap after GC invocations=7 (full 2):
 PSYoungGen      total 137216K, used 0K [0x00000000eab00000, 0x00000000f5e80000, 0x0000000100000000)
  eden space 126464K, 0% used [0x00000000eab00000,0x00000000eab00000,0x00000000f2680000)
  from space 10752K, 0% used [0x00000000f2680000,0x00000000f2680000,0x00000000f3100000)
  to   space 14336K, 0% used [0x00000000f5080000,0x00000000f5080000,0x00000000f5e80000)
 ParOldGen       total 168960K, used 18506K [0x00000000c0000000, 0x00000000ca500000, 0x00000000eab00000)
  object space 168960K, 10% used [0x00000000c0000000,0x00000000c1212970,0x00000000ca500000)
 Metaspace       used 34692K, capacity 35324K, committed 35416K, reserved 1079296K
  class space    used 4731K, capacity 4984K, committed 4992K, reserved 1048576K
}
Event: 5.946 GC heap before
{Heap before GC invocations=8 (full 2):
 PSYoungGen      total 137216K, used 126464K [0x00000000eab00000, 0x00000000f5e80000, 0x0000000100000000)
  eden space 126464K, 100% used [0x00000000eab00000,0x00000000f2680000,0x00000000f2680000)
  from space 10752K, 0% used [0x00000000f2680000,0x00000000f2680000,0x00000000f3100000)
  to   space 14336K, 0% used [0x00000000f5080000,0x00000000f5080000,0x00000000f5e80000)
 ParOldGen       total 168960K, used 18506K [0x00000000c0000000, 0x00000000ca500000, 0x00000000eab00000)
  object space 168960K, 10% used [0x00000000c0000000,0x00000000c1212970,0x00000000ca500000)
 Metaspace       used 39836K, capacity 40812K, committed 41048K, reserved 1085440K
  class space    used 5404K, capacity 5741K, committed 5760K, reserved 1048576K
Event: 5.963 GC heap after
Heap after GC invocations=8 (full 2):
 PSYoungGen      total 167424K, used 13561K [0x00000000eab00000, 0x00000000f7700000, 0x0000000100000000)
  eden space 153088K, 0% used [0x00000000eab00000,0x00000000eab00000,0x00000000f4080000)
  from space 14336K, 94% used [0x00000000f5080000,0x00000000f5dbe588,0x00000000f5e80000)
  to   space 16384K, 0% used [0x00000000f4080000,0x00000000f4080000,0x00000000f5080000)
 ParOldGen       total 168960K, used 18514K [0x00000000c0000000, 0x00000000ca500000, 0x00000000eab00000)
  object space 168960K, 10% used [0x00000000c0000000,0x00000000c1214970,0x00000000ca500000)
 Metaspace       used 39836K, capacity 40812K, committed 41048K, reserved 1085440K
  class space    used 5404K, capacity 5741K, committed 5760K, reserved 1048576K
}
Event: 7.953 GC heap before
{Heap before GC invocations=9 (full 2):
 PSYoungGen      total 167424K, used 166649K [0x00000000eab00000, 0x00000000f7700000, 0x0000000100000000)
  eden space 153088K, 100% used [0x00000000eab00000,0x00000000f4080000,0x00000000f4080000)
  from space 14336K, 94% used [0x00000000f5080000,0x00000000f5dbe588,0x00000000f5e80000)
  to   space 16384K, 0% used [0x00000000f4080000,0x00000000f4080000,0x00000000f5080000)
 ParOldGen       total 168960K, used 18514K [0x00000000c0000000, 0x00000000ca500000, 0x00000000eab00000)
  object space 168960K, 10% used [0x00000000c0000000,0x00000000c1214970,0x00000000ca500000)
 Metaspace       used 51051K, capacity 52948K, committed 53080K, reserved 1095680K
  class space    used 6985K, capacity 7489K, committed 7552K, reserved 1048576K
Event: 7.977 GC heap after
Heap after GC invocations=9 (full 2):
 PSYoungGen      total 169472K, used 16367K [0x00000000eab00000, 0x00000000f7700000, 0x0000000100000000)
  eden space 153088K, 0% used [0x00000000eab00000,0x00000000eab00000,0x00000000f4080000)
  from space 16384K, 99% used [0x00000000f4080000,0x00000000f507bee8,0x00000000f5080000)
  to   space 14336K, 0% used [0x00000000f5080000,0x00000000f5080000,0x00000000f5e80000)
 ParOldGen       total 168960K, used 25366K [0x00000000c0000000, 0x00000000ca500000, 0x00000000eab00000)
  object space 168960K, 15% used [0x00000000c0000000,0x00000000c18c5ac8,0x00000000ca500000)
 Metaspace       used 51051K, capacity 52948K, committed 53080K, reserved 1095680K
  class space    used 6985K, capacity 7489K, committed 7552K, reserved 1048576K
}

