# JRE version: OpenJDK Runtime Environment (8.0_242-b01) (build 1.8.0_242-release-1644-b01)
# Java VM: OpenJDK 64-Bit Server VM (25.242-b01 mixed mode windows-amd64 compressed oops)
Heap:
 PSYoungGen      total 167936K, used 69763K [0x00000000eab00000, 0x00000000f7700000, 0x0000000100000000)
  eden space 153600K, 36% used [0x00000000eab00000,0x00000000ee1b93e0,0x00000000f4100000)
  from space 14336K, 95% used [0x00000000f5100000,0x00000000f5e67ab0,0x00000000f5f00000)
  to   space 16384K, 0% used [0x00000000f4100000,0x00000000f4100000,0x00000000f5100000)
 ParOldGen       total 164864K, used 18636K [0x00000000c0000000, 0x00000000ca100000, 0x00000000eab00000)
  object space 164864K, 11% used [0x00000000c0000000,0x00000000c12332d0,0x00000000ca100000)
 Metaspace       used 45987K, capacity 47314K, committed 47448K, reserved 1089536K
  class space    used 6244K, capacity 6664K, committed 6784K, reserved 1048576K
GC Heap History (10 events):
Event: 2.153 GC heap before
{Heap before GC invocations=4 (full 1):
 PSYoungGen      total 75776K, used 7314K [0x00000000eab00000, 0x00000000f3f00000, 0x0000000100000000)
  eden space 65024K, 0% used [0x00000000eab00000,0x00000000eab00000,0x00000000eea80000)
  from space 10752K, 68% used [0x00000000eea80000,0x00000000ef1a49c0,0x00000000ef500000)
  to   space 10752K, 0% used [0x00000000f3480000,0x00000000f3480000,0x00000000f3f00000)
 ParOldGen       total 173568K, used 868K [0x00000000c0000000, 0x00000000ca980000, 0x00000000eab00000)
  object space 173568K, 0% used [0x00000000c0000000,0x00000000c00d9198,0x00000000ca980000)
 Metaspace       used 20726K, capacity 21178K, committed 21248K, reserved 1067008K
  class space    used 2855K, capacity 3035K, committed 3072K, reserved 1048576K
Event: 2.183 GC heap after
Heap after GC invocations=4 (full 1):
 PSYoungGen      total 75776K, used 0K [0x00000000eab00000, 0x00000000f3f00000, 0x0000000100000000)
  eden space 65024K, 0% used [0x00000000eab00000,0x00000000eab00000,0x00000000eea80000)
  from space 10752K, 0% used [0x00000000eea80000,0x00000000eea80000,0x00000000ef500000)
  to   space 10752K, 0% used [0x00000000f3480000,0x00000000f3480000,0x00000000f3f00000)
 ParOldGen       total 98816K, used 7117K [0x00000000c0000000, 0x00000000c6080000, 0x00000000eab00000)
  object space 98816K, 7% used [0x00000000c0000000,0x00000000c06f3418,0x00000000c6080000)
 Metaspace       used 20726K, capacity 21178K, committed 21248K, reserved 1067008K
  class space    used 2855K, capacity 3035K, committed 3072K, reserved 1048576K
}
Event: 2.908 GC heap before
{Heap before GC invocations=5 (full 1):
 PSYoungGen      total 75776K, used 65024K [0x00000000eab00000, 0x00000000f3f00000, 0x0000000100000000)
  eden space 65024K, 100% used [0x00000000eab00000,0x00000000eea80000,0x00000000eea80000)
  from space 10752K, 0% used [0x00000000eea80000,0x00000000eea80000,0x00000000ef500000)
  to   space 10752K, 0% used [0x00000000f3480000,0x00000000f3480000,0x00000000f3f00000)
 ParOldGen       total 98816K, used 7117K [0x00000000c0000000, 0x00000000c6080000, 0x00000000eab00000)
  object space 98816K, 7% used [0x00000000c0000000,0x00000000c06f3418,0x00000000c6080000)
 Metaspace       used 26074K, capacity 26512K, committed 26880K, reserved 1073152K
  class space    used 3565K, capacity 3723K, committed 3840K, reserved 1048576K
Event: 2.913 GC heap after
Heap after GC invocations=5 (full 1):
 PSYoungGen      total 109056K, used 6716K [0x00000000eab00000, 0x00000000f3b80000, 0x0000000100000000)
  eden space 101888K, 0% used [0x00000000eab00000,0x00000000eab00000,0x00000000f0e80000)
  from space 7168K, 93% used [0x00000000f3480000,0x00000000f3b0f1d0,0x00000000f3b80000)
  to   space 10752K, 0% used [0x00000000f2680000,0x00000000f2680000,0x00000000f3100000)
 ParOldGen       total 98816K, used 7117K [0x00000000c0000000, 0x00000000c6080000, 0x00000000eab00000)
  object space 98816K, 7% used [0x00000000c0000000,0x00000000c06f3418,0x00000000c6080000)
 Metaspace       used 26074K, capacity 26512K, committed 26880K, reserved 1073152K
  class space    used 3565K, capacity 3723K, committed 3840K, reserved 1048576K
}
Event: 3.871 GC heap before
{Heap before GC invocations=6 (full 1):
 PSYoungGen      total 109056K, used 96796K [0x00000000eab00000, 0x00000000f3b80000, 0x0000000100000000)
  eden space 101888K, 88% used [0x00000000eab00000,0x00000000f02f8150,0x00000000f0e80000)
  from space 7168K, 93% used [0x00000000f3480000,0x00000000f3b0f1d0,0x00000000f3b80000)
  to   space 10752K, 0% used [0x00000000f2680000,0x00000000f2680000,0x00000000f3100000)
 ParOldGen       total 98816K, used 7117K [0x00000000c0000000, 0x00000000c6080000, 0x00000000eab00000)
  object space 98816K, 7% used [0x00000000c0000000,0x00000000c06f3418,0x00000000c6080000)
 Metaspace       used 34732K, capacity 35324K, committed 35416K, reserved 1079296K
  class space    used 4739K, capacity 4984K, committed 4992K, reserved 1048576K
Event: 3.879 GC heap after
Heap after GC invocations=6 (full 1):
 PSYoungGen      total 137216K, used 10736K [0x00000000eab00000, 0x00000000f5f00000, 0x0000000100000000)
  eden space 126464K, 0% used [0x00000000eab00000,0x00000000eab00000,0x00000000f2680000)
  from space 10752K, 99% used [0x00000000f2680000,0x00000000f30fc3c0,0x00000000f3100000)
  to   space 14336K, 0% used [0x00000000f5100000,0x00000000f5100000,0x00000000f5f00000)
 ParOldGen       total 98816K, used 9049K [0x00000000c0000000, 0x00000000c6080000, 0x00000000eab00000)
  object space 98816K, 9% used [0x00000000c0000000,0x00000000c08d65b0,0x00000000c6080000)
 Metaspace       used 34732K, capacity 35324K, committed 35416K, reserved 1079296K
  class space    used 4739K, capacity 4984K, committed 4992K, reserved 1048576K
}
Event: 3.879 GC heap before
{Heap before GC invocations=7 (full 2):
 PSYoungGen      total 137216K, used 10736K [0x00000000eab00000, 0x00000000f5f00000, 0x0000000100000000)
  eden space 126464K, 0% used [0x00000000eab00000,0x00000000eab00000,0x00000000f2680000)
  from space 10752K, 99% used [0x00000000f2680000,0x00000000f30fc3c0,0x00000000f3100000)
  to   space 14336K, 0% used [0x00000000f5100000,0x00000000f5100000,0x00000000f5f00000)
 ParOldGen       total 98816K, used 9049K [0x00000000c0000000, 0x00000000c6080000, 0x00000000eab00000)
  object space 98816K, 9% used [0x00000000c0000000,0x00000000c08d65b0,0x00000000c6080000)
 Metaspace       used 34732K, capacity 35324K, committed 35416K, reserved 1079296K
  class space    used 4739K, capacity 4984K, committed 4992K, reserved 1048576K
Event: 3.930 GC heap after
Heap after GC invocations=7 (full 2):
 PSYoungGen      total 137216K, used 0K [0x00000000eab00000, 0x00000000f5f00000, 0x0000000100000000)
  eden space 126464K, 0% used [0x00000000eab00000,0x00000000eab00000,0x00000000f2680000)
  from space 10752K, 0% used [0x00000000f2680000,0x00000000f2680000,0x00000000f3100000)
  to   space 14336K, 0% used [0x00000000f5100000,0x00000000f5100000,0x00000000f5f00000)
 ParOldGen       total 164864K, used 18628K [0x00000000c0000000, 0x00000000ca100000, 0x00000000eab00000)
  object space 164864K, 11% used [0x00000000c0000000,0x00000000c12312d0,0x00000000ca100000)
 Metaspace       used 34732K, capacity 35324K, committed 35416K, reserved 1079296K
  class space    used 4739K, capacity 4984K, committed 4992K, reserved 1048576K
}
Event: 5.195 GC heap before
{Heap before GC invocations=8 (full 2):
 PSYoungGen      total 137216K, used 126464K [0x00000000eab00000, 0x00000000f5f00000, 0x0000000100000000)
  eden space 126464K, 100% used [0x00000000eab00000,0x00000000f2680000,0x00000000f2680000)
  from space 10752K, 0% used [0x00000000f2680000,0x00000000f2680000,0x00000000f3100000)
  to   space 14336K, 0% used [0x00000000f5100000,0x00000000f5100000,0x00000000f5f00000)
 ParOldGen       total 164864K, used 18628K [0x00000000c0000000, 0x00000000ca100000, 0x00000000eab00000)
  object space 164864K, 11% used [0x00000000c0000000,0x00000000c12312d0,0x00000000ca100000)
 Metaspace       used 39891K, capacity 40844K, committed 41048K, reserved 1085440K
  class space    used 5411K, capacity 5752K, committed 5760K, reserved 1048576K
Event: 5.208 GC heap after
Heap after GC invocations=8 (full 2):
 PSYoungGen      total 167936K, used 13726K [0x00000000eab00000, 0x00000000f7700000, 0x0000000100000000)
  eden space 153600K, 0% used [0x00000000eab00000,0x00000000eab00000,0x00000000f4100000)
  from space 14336K, 95% used [0x00000000f5100000,0x00000000f5e67ab0,0x00000000f5f00000)
  to   space 16384K, 0% used [0x00000000f4100000,0x00000000f4100000,0x00000000f5100000)
 ParOldGen       total 164864K, used 18636K [0x00000000c0000000, 0x00000000ca100000, 0x00000000eab00000)
  object space 164864K, 11% used [0x00000000c0000000,0x00000000c12332d0,0x00000000ca100000)
 Metaspace       used 39891K, capacity 40844K, committed 41048K, reserved 1085440K
  class space    used 5411K, capacity 5752K, committed 5760K, reserved 1048576K
}

