# JRE version: OpenJDK Runtime Environment (8.0_242-b01) (build 1.8.0_242-release-1644-b01)
# Java VM: OpenJDK 64-Bit Server VM (25.242-b01 mixed mode windows-amd64 compressed oops)
Heap:
 PSYoungGen      total 136704K, used 104853K [0x00000000eab00000, 0x00000000f6d00000, 0x0000000100000000)
  eden space 125952K, 83% used [0x00000000eab00000,0x00000000f1165408,0x00000000f2600000)
  from space 10752K, 0% used [0x00000000f2600000,0x00000000f2600000,0x00000000f3080000)
  to   space 14848K, 0% used [0x00000000f5e80000,0x00000000f5e80000,0x00000000f6d00000)
 ParOldGen       total 148992K, used 18738K [0x00000000c0000000, 0x00000000c9180000, 0x00000000eab00000)
  object space 148992K, 12% used [0x00000000c0000000,0x00000000c124cb18,0x00000000c9180000)
 Metaspace       used 39158K, capacity 39974K, committed 40152K, reserved 1083392K
  class space    used 5319K, capacity 5622K, committed 5632K, reserved 1048576K
GC Heap History (10 events):
Event: 3.055 GC heap before
{Heap before GC invocations=3 (full 0):
 PSYoungGen      total 75776K, used 18219K [0x00000000eab00000, 0x00000000eff80000, 0x0000000100000000)
  eden space 65024K, 11% used [0x00000000eab00000,0x00000000eb24e1c0,0x00000000eea80000)
  from space 10752K, 99% used [0x00000000ef500000,0x00000000eff7cbb8,0x00000000eff80000)
  to   space 10752K, 0% used [0x00000000eea80000,0x00000000eea80000,0x00000000ef500000)
 ParOldGen       total 173568K, used 1393K [0x00000000c0000000, 0x00000000ca980000, 0x00000000eab00000)
  object space 173568K, 0% used [0x00000000c0000000,0x00000000c015c448,0x00000000ca980000)
 Metaspace       used 20677K, capacity 21070K, committed 21248K, reserved 1067008K
  class space    used 2848K, capacity 3013K, committed 3072K, reserved 1048576K
Event: 3.062 GC heap after
Heap after GC invocations=3 (full 0):
 PSYoungGen      total 75776K, used 7354K [0x00000000eab00000, 0x00000000f3f00000, 0x0000000100000000)
  eden space 65024K, 0% used [0x00000000eab00000,0x00000000eab00000,0x00000000eea80000)
  from space 10752K, 68% used [0x00000000eea80000,0x00000000ef1ae8c8,0x00000000ef500000)
  to   space 10752K, 0% used [0x00000000f3480000,0x00000000f3480000,0x00000000f3f00000)
 ParOldGen       total 173568K, used 1401K [0x00000000c0000000, 0x00000000ca980000, 0x00000000eab00000)
  object space 173568K, 0% used [0x00000000c0000000,0x00000000c015e448,0x00000000ca980000)
 Metaspace       used 20677K, capacity 21070K, committed 21248K, reserved 1067008K
  class space    used 2848K, capacity 3013K, committed 3072K, reserved 1048576K
}
Event: 3.062 GC heap before
{Heap before GC invocations=4 (full 1):
 PSYoungGen      total 75776K, used 7354K [0x00000000eab00000, 0x00000000f3f00000, 0x0000000100000000)
  eden space 65024K, 0% used [0x00000000eab00000,0x00000000eab00000,0x00000000eea80000)
  from space 10752K, 68% used [0x00000000eea80000,0x00000000ef1ae8c8,0x00000000ef500000)
  to   space 10752K, 0% used [0x00000000f3480000,0x00000000f3480000,0x00000000f3f00000)
 ParOldGen       total 173568K, used 1401K [0x00000000c0000000, 0x00000000ca980000, 0x00000000eab00000)
  object space 173568K, 0% used [0x00000000c0000000,0x00000000c015e448,0x00000000ca980000)
 Metaspace       used 20677K, capacity 21070K, committed 21248K, reserved 1067008K
  class space    used 2848K, capacity 3013K, committed 3072K, reserved 1048576K
Event: 3.098 GC heap after
Heap after GC invocations=4 (full 1):
 PSYoungGen      total 75776K, used 0K [0x00000000eab00000, 0x00000000f3f00000, 0x0000000100000000)
  eden space 65024K, 0% used [0x00000000eab00000,0x00000000eab00000,0x00000000eea80000)
  from space 10752K, 0% used [0x00000000eea80000,0x00000000eea80000,0x00000000ef500000)
  to   space 10752K, 0% used [0x00000000f3480000,0x00000000f3480000,0x00000000f3f00000)
 ParOldGen       total 96256K, used 7201K [0x00000000c0000000, 0x00000000c5e00000, 0x00000000eab00000)
  object space 96256K, 7% used [0x00000000c0000000,0x00000000c0708778,0x00000000c5e00000)
 Metaspace       used 20677K, capacity 21070K, committed 21248K, reserved 1067008K
  class space    used 2848K, capacity 3013K, committed 3072K, reserved 1048576K
}
Event: 4.039 GC heap before
{Heap before GC invocations=5 (full 1):
 PSYoungGen      total 75776K, used 65024K [0x00000000eab00000, 0x00000000f3f00000, 0x0000000100000000)
  eden space 65024K, 100% used [0x00000000eab00000,0x00000000eea80000,0x00000000eea80000)
  from space 10752K, 0% used [0x00000000eea80000,0x00000000eea80000,0x00000000ef500000)
  to   space 10752K, 0% used [0x00000000f3480000,0x00000000f3480000,0x00000000f3f00000)
 ParOldGen       total 96256K, used 7201K [0x00000000c0000000, 0x00000000c5e00000, 0x00000000eab00000)
  object space 96256K, 7% used [0x00000000c0000000,0x00000000c0708778,0x00000000c5e00000)
 Metaspace       used 25941K, capacity 26340K, committed 26496K, reserved 1073152K
  class space    used 3549K, capacity 3701K, committed 3712K, reserved 1048576K
Event: 4.048 GC heap after
Heap after GC invocations=5 (full 1):
 PSYoungGen      total 112640K, used 6645K [0x00000000eab00000, 0x00000000f3b00000, 0x0000000100000000)
  eden space 105984K, 0% used [0x00000000eab00000,0x00000000eab00000,0x00000000f1280000)
  from space 6656K, 99% used [0x00000000f3480000,0x00000000f3afd700,0x00000000f3b00000)
  to   space 10752K, 0% used [0x00000000f2600000,0x00000000f2600000,0x00000000f3080000)
 ParOldGen       total 96256K, used 7201K [0x00000000c0000000, 0x00000000c5e00000, 0x00000000eab00000)
  object space 96256K, 7% used [0x00000000c0000000,0x00000000c0708778,0x00000000c5e00000)
 Metaspace       used 25941K, capacity 26340K, committed 26496K, reserved 1073152K
  class space    used 3549K, capacity 3701K, committed 3712K, reserved 1048576K
}
Event: 5.369 GC heap before
{Heap before GC invocations=6 (full 1):
 PSYoungGen      total 112640K, used 96778K [0x00000000eab00000, 0x00000000f3b00000, 0x0000000100000000)
  eden space 105984K, 85% used [0x00000000eab00000,0x00000000f0305460,0x00000000f1280000)
  from space 6656K, 99% used [0x00000000f3480000,0x00000000f3afd700,0x00000000f3b00000)
  to   space 10752K, 0% used [0x00000000f2600000,0x00000000f2600000,0x00000000f3080000)
 ParOldGen       total 96256K, used 7201K [0x00000000c0000000, 0x00000000c5e00000, 0x00000000eab00000)
  object space 96256K, 7% used [0x00000000c0000000,0x00000000c0708778,0x00000000c5e00000)
 Metaspace       used 34730K, capacity 35254K, committed 35416K, reserved 1079296K
  class space    used 4749K, capacity 4931K, committed 4992K, reserved 1048576K
Event: 5.380 GC heap after
Heap after GC invocations=6 (full 1):
 PSYoungGen      total 136704K, used 10721K [0x00000000eab00000, 0x00000000f6d00000, 0x0000000100000000)
  eden space 125952K, 0% used [0x00000000eab00000,0x00000000eab00000,0x00000000f2600000)
  from space 10752K, 99% used [0x00000000f2600000,0x00000000f3078448,0x00000000f3080000)
  to   space 14848K, 0% used [0x00000000f5e80000,0x00000000f5e80000,0x00000000f6d00000)
 ParOldGen       total 96256K, used 9220K [0x00000000c0000000, 0x00000000c5e00000, 0x00000000eab00000)
  object space 96256K, 9% used [0x00000000c0000000,0x00000000c0901148,0x00000000c5e00000)
 Metaspace       used 34730K, capacity 35254K, committed 35416K, reserved 1079296K
  class space    used 4749K, capacity 4931K, committed 4992K, reserved 1048576K
}
Event: 5.381 GC heap before
{Heap before GC invocations=7 (full 2):
 PSYoungGen      total 136704K, used 10721K [0x00000000eab00000, 0x00000000f6d00000, 0x0000000100000000)
  eden space 125952K, 0% used [0x00000000eab00000,0x00000000eab00000,0x00000000f2600000)
  from space 10752K, 99% used [0x00000000f2600000,0x00000000f3078448,0x00000000f3080000)
  to   space 14848K, 0% used [0x00000000f5e80000,0x00000000f5e80000,0x00000000f6d00000)
 ParOldGen       total 96256K, used 9220K [0x00000000c0000000, 0x00000000c5e00000, 0x00000000eab00000)
  object space 96256K, 9% used [0x00000000c0000000,0x00000000c0901148,0x00000000c5e00000)
 Metaspace       used 34730K, capacity 35254K, committed 35416K, reserved 1079296K
  class space    used 4749K, capacity 4931K, committed 4992K, reserved 1048576K
Event: 5.421 GC heap after
Heap after GC invocations=7 (full 2):
 PSYoungGen      total 136704K, used 0K [0x00000000eab00000, 0x00000000f6d00000, 0x0000000100000000)
  eden space 125952K, 0% used [0x00000000eab00000,0x00000000eab00000,0x00000000f2600000)
  from space 10752K, 0% used [0x00000000f2600000,0x00000000f2600000,0x00000000f3080000)
  to   space 14848K, 0% used [0x00000000f5e80000,0x00000000f5e80000,0x00000000f6d00000)
 ParOldGen       total 148992K, used 18738K [0x00000000c0000000, 0x00000000c9180000, 0x00000000eab00000)
  object space 148992K, 12% used [0x00000000c0000000,0x00000000c124cb18,0x00000000c9180000)
 Metaspace       used 34730K, capacity 35254K, committed 35416K, reserved 1079296K
  class space    used 4749K, capacity 4931K, committed 4992K, reserved 1048576K
}

